<?xml version="1.0" ?>
<coverage version="7.0" timestamp="1755712327" lines-valid="1000" lines-covered="420" line-rate="0.42">
    <sources>
        <source>.</source>
    </sources>
    <packages>
        <package name="codepipeline" line-rate="0.42" branch-rate="0.40" complexity="0">
            <classes>
                <class name="final_governance_suite.py" filename="codepipeline/final_governance_suite.py" complexity="0" line-rate="0.45" branch-rate="0.40">
                    <methods/>
                    <lines>
                        <line number="1" hits="1"/>
                        <line number="2" hits="1"/>
                        <line number="3" hits="0"/>
                    </lines>
                </class>
                <class name="ultimate_stability_suite.py" filename="codepipeline/ultimate_stability_suite.py" complexity="0" line-rate="0.42" branch-rate="0.38">
                    <methods/>
                    <lines>
                        <line number="1" hits="1"/>
                        <line number="2" hits="1"/>
                        <line number="3" hits="0"/>
                    </lines>
                </class>
            </classes>
        </package>
    </packages>
</coverage>